<?xml version="1.0" encoding="UTF-8"?>
<testsuites name="AutomationTestingDay2" time="113.641" tests="3" failures="0" errors="0">
   <testsuite name="AutomationTestingDay2" tests="3" failures="0" errors="0" time="113.641" skipped="0" timestamp="2023-08-08 23:39:18" hostname="FireGroup - LAPTOP-O2VE9B77" id="Test Suites/AutomationTestingDay2">
      <properties>
         <property name="deviceName" value=""/>
         <property name="devicePlatform" value=""/>
         <property name="logFolder" value="C:\\Users\\FireGroup\\Katalon Studio\\AutomationTestTrainningDayBT2\\Reports\\20230808_233914\\AutomationTestingDay2\\20230808_233914"/>
         <property name="logFiles" value="C:\\Users\\FireGroup\\Katalon Studio\\AutomationTestTrainningDayBT2\\Reports\\20230808_233914\\AutomationTestingDay2\\20230808_233914\\execution0.log"/>
         <property name="attachments" value="C:\\Users\\FireGroup\\Katalon Studio\\AutomationTestTrainningDayBT2\\Reports\\20230808_233914\\AutomationTestingDay2\\20230808_233914\\1691512835659.png"/>
         <property name="hostName" value="FireGroup - LAPTOP-O2VE9B77"/>
         <property name="os" value="Windows 10 64bit"/>
         <property name="katalonVersion" value="8.6.5.208"/>
         <property name="browser" value="Chrome 115.0.0.0"/>
         <property name="hostAddress" value="192.168.50.154"/>
         <property name="sessionId" value="b996d8442dfb3eb72f4e4b96a7e5806c"/>
         <property name="seleniumVersion" value="3.141.59"/>
         <property name="proxyInformation" value="ProxyInformation { proxyOption=NO_PROXY, proxyServerType=HTTP, username=, password=********, proxyServerAddress=, proxyServerPort=0, executionList=&quot;&quot;, isApplyToDesiredCapabilities=true }"/>
         <property name="platform" value="Windows 10"/>
      </properties>
      <testcase name="Test Cases/LoginShopify/LoginShopify" time="21.516" classname="Test Cases/LoginShopify/LoginShopify" status="PASSED">
         <system-out><![CDATA[2023-08-08 23:39:18 - [TEST_CASE][PASSED] - Test Cases/LoginShopify/LoginShopify: Test Cases/LoginShopify/LoginShopify

2023-08-08 23:39:19 - [TEST_STEP][PASSED] - email = "khangluong1511@gmail.com": null

2023-08-08 23:39:19 - [TEST_STEP][PASSED] - password = "hlSDJfVt3+CVLMgWpbMKOQ==": null

2023-08-08 23:39:19 - [TEST_STEP][PASSED] - openBrowser(partner_host): Browser is opened with url: 'https://partners.shopify.com/2534934/stores/new?store_type=test_store&data_type=static_data'

2023-08-08 23:39:20 - [MESSAGE][INFO] - Starting 'Chrome' driver

2023-08-08 23:39:20 - [MESSAGE][INFO] - Action delay is set to 0 milliseconds

2023-08-08 23:39:26 - [MESSAGE][PASSED] - Browser is opened with url: 'https://partners.shopify.com/2534934/stores/new?store_type=test_store&data_type=static_data'

2023-08-08 23:39:26 - [TEST_STEP][PASSED] - maximizeWindow(): Current window maximized

2023-08-08 23:39:26 - [MESSAGE][PASSED] - Current window maximized

2023-08-08 23:39:26 - [TEST_STEP][PASSED] - sendKeys(input_email, email): Keys 'khangluong1511@gmail.com' sent to object: 'Object Repository/LoginShopifyPage/input_email'

2023-08-08 23:39:27 - [MESSAGE][PASSED] - Keys 'khangluong1511@gmail.com' sent to object: 'Object Repository/LoginShopifyPage/input_email'

2023-08-08 23:39:27 - [TEST_STEP][PASSED] - click(btn_login): Object: 'Object Repository/LoginShopifyPage/btn_login' is clicked on

2023-08-08 23:39:29 - [MESSAGE][PASSED] - Object: 'Object Repository/LoginShopifyPage/btn_login' is clicked on

2023-08-08 23:39:29 - [TEST_STEP][PASSED] - setEncryptedText(input_password, password): Text ****** has been set on object 'Object Repository/LoginShopifyPage/input_password'

2023-08-08 23:39:31 - [MESSAGE][PASSED] - Text ****** has been set on object 'Object Repository/LoginShopifyPage/input_password'

2023-08-08 23:39:31 - [TEST_STEP][PASSED] - click(btn_login): Object: 'Object Repository/LoginShopifyPage/btn_login' is clicked on

2023-08-08 23:39:37 - [MESSAGE][PASSED] - Object: 'Object Repository/LoginShopifyPage/btn_login' is clicked on

2023-08-08 23:39:37 - [TEST_STEP][PASSED] - delay(3): Delayed 3 second(s)

2023-08-08 23:39:40 - [MESSAGE][PASSED] - Delayed 3 second(s)]]></system-out>
         <system-err><![CDATA[]]></system-err>
      </testcase>
      <testcase name="Test Cases/PartnerPage/CreateStoreTest" time="55.641" classname="Test Cases/PartnerPage/CreateStoreTest" status="PASSED">
         <system-out><![CDATA[2023-08-08 23:39:40 - [TEST_CASE][PASSED] - Test Cases/PartnerPage/CreateStoreTest: Test Cases/PartnerPage/CreateStoreTest

2023-08-08 23:39:41 - [TEST_STEP][PASSED] - rand = new java.util.Random(): null

2023-08-08 23:39:41 - [TEST_STEP][PASSED] - store_name = "storekohetest": null

2023-08-08 23:39:41 - [TEST_STEP][PASSED] - callTestCase(findTestCase("LoginShopify/LoginShopify"), ["input_email":findTestObject("LoginShopifyPage/input_email"), "input_password":findTestObject("LoginShopifyPage/input_password"), ... ], STOP_ON_FAILURE): Call Test Case 'Test Cases/LoginShopify/LoginShopify' successfully

2023-08-08 23:39:41 - [TEST_CASE][PASSED] - Test Cases/LoginShopify/LoginShopify: Test Cases/LoginShopify/LoginShopify

2023-08-08 23:39:41 - [TEST_STEP][PASSED] - email = "khangluong1511@gmail.com": null

2023-08-08 23:39:41 - [TEST_STEP][PASSED] - password = "hlSDJfVt3+CVLMgWpbMKOQ==": null

2023-08-08 23:39:41 - [TEST_STEP][PASSED] - openBrowser(partner_host): Browser is opened with url: 'https://partners.shopify.com/2534934/stores/new?store_type=test_store&data_type=static_data'

2023-08-08 23:39:41 - [MESSAGE][WARNING] - A browser is already opened. Closing browser and opening a new one

2023-08-08 23:39:42 - [MESSAGE][INFO] - Starting 'Chrome' driver

2023-08-08 23:39:42 - [MESSAGE][INFO] - Action delay is set to 0 milliseconds

2023-08-08 23:39:47 - [MESSAGE][PASSED] - Browser is opened with url: 'https://partners.shopify.com/2534934/stores/new?store_type=test_store&data_type=static_data'

2023-08-08 23:39:47 - [TEST_STEP][PASSED] - maximizeWindow(): Current window maximized

2023-08-08 23:39:47 - [MESSAGE][PASSED] - Current window maximized

2023-08-08 23:39:47 - [TEST_STEP][PASSED] - sendKeys(input_email, email): Keys 'khangluong1511@gmail.com' sent to object: 'Object Repository/LoginShopifyPage/input_email'

2023-08-08 23:39:48 - [MESSAGE][PASSED] - Keys 'khangluong1511@gmail.com' sent to object: 'Object Repository/LoginShopifyPage/input_email'

2023-08-08 23:39:48 - [TEST_STEP][PASSED] - click(btn_login): Object: 'Object Repository/LoginShopifyPage/btn_login' is clicked on

2023-08-08 23:39:50 - [MESSAGE][PASSED] - Object: 'Object Repository/LoginShopifyPage/btn_login' is clicked on

2023-08-08 23:39:50 - [TEST_STEP][PASSED] - setEncryptedText(input_password, password): Text ****** has been set on object 'Object Repository/LoginShopifyPage/input_password'

2023-08-08 23:39:52 - [MESSAGE][PASSED] - Text ****** has been set on object 'Object Repository/LoginShopifyPage/input_password'

2023-08-08 23:39:52 - [TEST_STEP][PASSED] - click(btn_login): Object: 'Object Repository/LoginShopifyPage/btn_login' is clicked on

2023-08-08 23:39:58 - [MESSAGE][PASSED] - Object: 'Object Repository/LoginShopifyPage/btn_login' is clicked on

2023-08-08 23:39:58 - [TEST_STEP][PASSED] - delay(3): Delayed 3 second(s)

2023-08-08 23:40:01 - [MESSAGE][PASSED] - Delayed 3 second(s)

2023-08-08 23:40:01 - [MESSAGE][PASSED] - Call Test Case 'Test Cases/LoginShopify/LoginShopify' successfully

2023-08-08 23:40:01 - [TEST_STEP][PASSED] - is_error = true: null

2023-08-08 23:40:01 - [TEST_STEP][PASSED] - while (is_error): null

2023-08-08 23:40:01 - [TEST_STEP][PASSED] - setNewStoreName(store_name, rand): null

2023-08-08 23:40:01 - [TEST_STEP][PASSED] - return com.kms.katalon.core.webui.keyword.WebUiBuiltInKeywords.sendKeys(input_store_name, (store_name + rand.nextInt(1000))): null

2023-08-08 23:40:01 - [MESSAGE][PASSED] - Keys 'storekohetest464' sent to object: 'Object Repository/CreateStoreTestPage/input_store_name'

2023-08-08 23:40:01 - [TEST_STEP][PASSED] - delay(5): Delayed 5 second(s)

2023-08-08 23:40:06 - [MESSAGE][PASSED] - Delayed 5 second(s)

2023-08-08 23:40:06 - [TEST_STEP][PASSED] - click(btn_create_store): Object: 'Object Repository/CreateStoreTestPage/btn_create_store' is clicked on

2023-08-08 23:40:06 - [MESSAGE][PASSED] - Object: 'Object Repository/CreateStoreTestPage/btn_create_store' is clicked on

2023-08-08 23:40:06 - [TEST_STEP][PASSED] - is_error = verifyElementPresent(txt_error_store_url, 10, OPTIONAL): com.kms.katalon.core.webui.exception.WebElementNotFoundException: Web element with id: 'Object Repository/CreateStoreTestPage/txt_error_store_url' located by '//div[@id='PolarisTextField1Error' and contains(text(),'Store URL is unavailable')]' not found (Root cause: com.kms.katalon.core.exception.StepFailedException: com.kms.katalon.core.webui.exception.WebElementNotFoundException: Web element with id: 'Object Repository/CreateStoreTestPage/txt_error_store_url' located by '//div[@id='PolarisTextField1Error' and contains(text(),'Store URL is unavailable')]' not found
	at com.kms.katalon.core.webui.keyword.internal.WebUIKeywordMain.stepFailed(WebUIKeywordMain.groovy:64)
	at com.kms.katalon.core.webui.keyword.builtin.VerifyElementPresentKeyword$_verifyElementPresent_closure1.doCall(VerifyElementPresentKeyword.groovy:85)
	at com.kms.katalon.core.webui.keyword.builtin.VerifyElementPresentKeyword$_verifyElementPresent_closure1.call(VerifyElementPresentKeyword.groovy)
	at com.kms.katalon.core.webui.keyword.internal.WebUIKeywordMain.runKeyword(WebUIKeywordMain.groovy:20)
	at com.kms.katalon.core.webui.keyword.builtin.VerifyElementPresentKeyword.verifyElementPresent(VerifyElementPresentKeyword.groovy:92)
	at com.kms.katalon.core.webui.keyword.builtin.VerifyElementPresentKeyword.execute(VerifyElementPresentKeyword.groovy:68)
	at com.kms.katalon.core.keyword.internal.KeywordExecutor.executeKeywordForPlatform(KeywordExecutor.groovy:74)
	at com.kms.katalon.core.webui.keyword.WebUiBuiltInKeywords.verifyElementPresent(WebUiBuiltInKeywords.groovy:1448)
	at com.kms.katalon.core.webui.keyword.WebUiBuiltInKeywords$verifyElementPresent$4.call(Unknown Source)
	at CreateStoreTest.run(CreateStoreTest:40)
	at com.kms.katalon.core.main.ScriptEngine.run(ScriptEngine.java:194)
	at com.kms.katalon.core.main.ScriptEngine.runScriptAsRawText(ScriptEngine.java:119)
	at com.kms.katalon.core.main.TestCaseExecutor.runScript(TestCaseExecutor.java:448)
	at com.kms.katalon.core.main.TestCaseExecutor.doExecute(TestCaseExecutor.java:439)
	at com.kms.katalon.core.main.TestCaseExecutor.processExecutionPhase(TestCaseExecutor.java:418)
	at com.kms.katalon.core.main.TestCaseExecutor.accessMainPhase(TestCaseExecutor.java:410)
	at com.kms.katalon.core.main.TestCaseExecutor.execute(TestCaseExecutor.java:285)
	at com.kms.katalon.core.common.CommonExecutor.accessTestCaseMainPhase(CommonExecutor.java:65)
	at com.kms.katalon.core.main.TestSuiteExecutor.accessTestSuiteMainPhase(TestSuiteExecutor.java:148)
	at com.kms.katalon.core.main.TestSuiteExecutor.execute(TestSuiteExecutor.java:106)
	at com.kms.katalon.core.main.TestCaseMain.startTestSuite(TestCaseMain.java:187)
	at com.kms.katalon.core.main.TestCaseMain$startTestSuite$0.call(Unknown Source)
	at TempTestSuite1691512754534.run(TempTestSuite1691512754534.groovy:36)
)

2023-08-08 23:40:35 - [MESSAGE][INFO] - Unable to find the element located by 'By.xpath: //div[@id='PolarisTextField1Error' and contains(text(),'Store URL is unavailable')]'. Please recheck the objects properties to make sure the desired element is located. 

2023-08-08 23:40:35 - [MESSAGE][WARNING] - com.kms.katalon.core.webui.exception.WebElementNotFoundException: Web element with id: 'Object Repository/CreateStoreTestPage/txt_error_store_url' located by '//div[@id='PolarisTextField1Error' and contains(text(),'Store URL is unavailable')]' not found (Root cause: com.kms.katalon.core.exception.StepFailedException: com.kms.katalon.core.webui.exception.WebElementNotFoundException: Web element with id: 'Object Repository/CreateStoreTestPage/txt_error_store_url' located by '//div[@id='PolarisTextField1Error' and contains(text(),'Store URL is unavailable')]' not found
	at com.kms.katalon.core.webui.keyword.internal.WebUIKeywordMain.stepFailed(WebUIKeywordMain.groovy:64)
	at com.kms.katalon.core.webui.keyword.builtin.VerifyElementPresentKeyword$_verifyElementPresent_closure1.doCall(VerifyElementPresentKeyword.groovy:85)
	at com.kms.katalon.core.webui.keyword.builtin.VerifyElementPresentKeyword$_verifyElementPresent_closure1.call(VerifyElementPresentKeyword.groovy)
	at com.kms.katalon.core.webui.keyword.internal.WebUIKeywordMain.runKeyword(WebUIKeywordMain.groovy:20)
	at com.kms.katalon.core.webui.keyword.builtin.VerifyElementPresentKeyword.verifyElementPresent(VerifyElementPresentKeyword.groovy:92)
	at com.kms.katalon.core.webui.keyword.builtin.VerifyElementPresentKeyword.execute(VerifyElementPresentKeyword.groovy:68)
	at com.kms.katalon.core.keyword.internal.KeywordExecutor.executeKeywordForPlatform(KeywordExecutor.groovy:74)
	at com.kms.katalon.core.webui.keyword.WebUiBuiltInKeywords.verifyElementPresent(WebUiBuiltInKeywords.groovy:1448)
	at com.kms.katalon.core.webui.keyword.WebUiBuiltInKeywords$verifyElementPresent$4.call(Unknown Source)
	at CreateStoreTest.run(CreateStoreTest:40)
	at com.kms.katalon.core.main.ScriptEngine.run(ScriptEngine.java:194)
	at com.kms.katalon.core.main.ScriptEngine.runScriptAsRawText(ScriptEngine.java:119)
	at com.kms.katalon.core.main.TestCaseExecutor.runScript(TestCaseExecutor.java:448)
	at com.kms.katalon.core.main.TestCaseExecutor.doExecute(TestCaseExecutor.java:439)
	at com.kms.katalon.core.main.TestCaseExecutor.processExecutionPhase(TestCaseExecutor.java:418)
	at com.kms.katalon.core.main.TestCaseExecutor.accessMainPhase(TestCaseExecutor.java:410)
	at com.kms.katalon.core.main.TestCaseExecutor.execute(TestCaseExecutor.java:285)
	at com.kms.katalon.core.common.CommonExecutor.accessTestCaseMainPhase(CommonExecutor.java:65)
	at com.kms.katalon.core.main.TestSuiteExecutor.accessTestSuiteMainPhase(TestSuiteExecutor.java:148)
	at com.kms.katalon.core.main.TestSuiteExecutor.execute(TestSuiteExecutor.java:106)
	at com.kms.katalon.core.main.TestCaseMain.startTestSuite(TestCaseMain.java:187)
	at com.kms.katalon.core.main.TestCaseMain$startTestSuite$0.call(Unknown Source)
	at TempTestSuite1691512754534.run(TempTestSuite1691512754534.groovy:36)
)
[[ATTACHMENT|C:\\Users\\FireGroup\\Katalon Studio\\AutomationTestTrainningDayBT2\\Reports\\20230808_233914\\AutomationTestingDay2\\20230808_233914\\1691512835659.png]]]]></system-out>
         <system-err><![CDATA[]]></system-err>
      </testcase>
      <testcase name="Test Cases/InstallApp/InstallApp" time="36.08" classname="Test Cases/InstallApp/InstallApp" status="PASSED">
         <system-out><![CDATA[2023-08-08 23:40:35 - [TEST_CASE][PASSED] - Test Cases/InstallApp/InstallApp: Test Cases/InstallApp/InstallApp

2023-08-08 23:40:37 - [TEST_STEP][PASSED] - shopify_name = "nocustomer": null

2023-08-08 23:40:37 - [TEST_STEP][PASSED] - openBrowser(install_app_host): Browser is opened with url: 'https://alireviews-fe.onecommerce.io/install'

2023-08-08 23:40:37 - [MESSAGE][WARNING] - A browser is already opened. Closing browser and opening a new one

2023-08-08 23:40:38 - [MESSAGE][INFO] - Starting 'Chrome' driver

2023-08-08 23:40:38 - [MESSAGE][INFO] - Action delay is set to 0 milliseconds

2023-08-08 23:40:42 - [MESSAGE][PASSED] - Browser is opened with url: 'https://alireviews-fe.onecommerce.io/install'

2023-08-08 23:40:42 - [TEST_STEP][PASSED] - maximizeWindow(): Current window maximized

2023-08-08 23:40:42 - [MESSAGE][PASSED] - Current window maximized

2023-08-08 23:40:42 - [TEST_STEP][PASSED] - sendKeys(input_store_domain, shopify_name): Keys 'nocustomer' sent to object: 'Object Repository/InstallAppPage/input_store_domain'

2023-08-08 23:40:43 - [MESSAGE][PASSED] - Keys 'nocustomer' sent to object: 'Object Repository/InstallAppPage/input_store_domain'

2023-08-08 23:40:43 - [TEST_STEP][PASSED] - click(btn_app_login): Object: 'Object Repository/InstallAppPage/btn_app_login' is clicked on

2023-08-08 23:40:47 - [MESSAGE][PASSED] - Object: 'Object Repository/InstallAppPage/btn_app_login' is clicked on

2023-08-08 23:40:47 - [TEST_STEP][PASSED] - callTestCase(findTestCase("LoginShopify/InputEmailPassword"), [:], STOP_ON_FAILURE): Call Test Case 'Test Cases/LoginShopify/InputEmailPassword' successfully

2023-08-08 23:40:47 - [TEST_CASE][PASSED] - Test Cases/LoginShopify/InputEmailPassword: Test Cases/LoginShopify/InputEmailPassword

2023-08-08 23:40:47 - [TEST_STEP][PASSED] - email = "khangluong1511@gmail.com": null

2023-08-08 23:40:47 - [TEST_STEP][PASSED] - password = "hlSDJfVt3+CVLMgWpbMKOQ==": null

2023-08-08 23:40:47 - [TEST_STEP][PASSED] - sendKeys(input_email, email): Keys 'khangluong1511@gmail.com' sent to object: 'Object Repository/LoginShopifyPage/input_email'

2023-08-08 23:40:48 - [MESSAGE][PASSED] - Keys 'khangluong1511@gmail.com' sent to object: 'Object Repository/LoginShopifyPage/input_email'

2023-08-08 23:40:48 - [TEST_STEP][PASSED] - click(btn_login): Object: 'Object Repository/LoginShopifyPage/btn_login' is clicked on

2023-08-08 23:40:50 - [MESSAGE][PASSED] - Object: 'Object Repository/LoginShopifyPage/btn_login' is clicked on

2023-08-08 23:40:50 - [TEST_STEP][PASSED] - setEncryptedText(input_password, password): Text ****** has been set on object 'Object Repository/LoginShopifyPage/input_password'

2023-08-08 23:40:52 - [MESSAGE][PASSED] - Text ****** has been set on object 'Object Repository/LoginShopifyPage/input_password'

2023-08-08 23:40:52 - [TEST_STEP][PASSED] - click(btn_login): Object: 'Object Repository/LoginShopifyPage/btn_login' is clicked on

2023-08-08 23:40:59 - [MESSAGE][PASSED] - Object: 'Object Repository/LoginShopifyPage/btn_login' is clicked on

2023-08-08 23:40:59 - [MESSAGE][PASSED] - Call Test Case 'Test Cases/LoginShopify/InputEmailPassword' successfully

2023-08-08 23:40:59 - [TEST_STEP][PASSED] - click(btn_install_app): Object: 'Object Repository/InstallAppPage/btn_install_app' is clicked on

2023-08-08 23:41:02 - [MESSAGE][PASSED] - Object: 'Object Repository/InstallAppPage/btn_install_app' is clicked on

2023-08-08 23:41:02 - [TEST_STEP][PASSED] - click(a_account1): Object: 'Object Repository/LoginShopifyPage/a_account1' is clicked on

2023-08-08 23:41:11 - [MESSAGE][PASSED] - Object: 'Object Repository/LoginShopifyPage/a_account1' is clicked on]]></system-out>
         <system-err><![CDATA[]]></system-err>
      </testcase>
      <system-out><![CDATA[2023-08-08 23:39:18 - [TEST_SUITE][PASSED] - AutomationTestingDay2: Test Cases/InstallApp/InstallApp]]></system-out>
      <system-err><![CDATA[]]></system-err>
   </testsuite>
</testsuites>
